2025-08-24 22:04:19 - ALERT: ❌ Auth API接続が失敗しています
2025-08-24 22:05:21 - ALERT: ❌ Auth API接続が失敗しています
2025-08-24 22:06:24 - ALERT: ❌ Auth API接続が失敗しています
2025-08-24 22:06:26 - ALERT: 🚨 失敗回数が上限に達しました。完全な再起動を実行します
2025-08-24 22:07:32 - ALERT: ❌ Auth API接続が失敗しています
2025-08-24 22:07:33 - ALERT: ❌ 自動修復が失敗しました。手動での確認が必要です
2025-08-24 22:08:34 - ALERT: ❌ Auth API接続が失敗しています
2025-08-24 22:08:36 - ALERT: 🚨 失敗回数が上限に達しました。完全な再起動を実行します
2025-08-24 22:09:43 - ALERT: ❌ Auth API接続が失敗しています
2025-08-24 22:09:44 - ALERT: ❌ 自動修復が失敗しました。手動での確認が必要です
2025-08-24 22:10:46 - ALERT: ❌ Auth API接続が失敗しています
2025-08-24 22:10:47 - ALERT: 🚨 失敗回数が上限に達しました。完全な再起動を実行します
2025-08-24 22:11:54 - ALERT: ❌ Auth API接続が失敗しています
2025-08-24 22:11:55 - ALERT: ❌ 自動修復が失敗しました。手動での確認が必要です
2025-08-24 22:12:56 - ALERT: ❌ Auth API接続が失敗しています
2025-08-24 22:12:58 - ALERT: 🚨 失敗回数が上限に達しました。完全な再起動を実行します
2025-08-24 22:31:09 - ALERT: ❌ Supabaseが完全に停止しています
2025-08-24 22:31:09 - ALERT: ❌ データベース接続が失敗しています
2025-08-24 22:31:09 - ALERT: ❌ REST API接続が失敗しています
2025-08-24 22:31:13 - ALERT: ❌ Auth API接続が失敗しています（3回試行後）
2025-08-24 23:06:51 - ALERT: ❌ REST API接続が失敗しています
2025-08-24 23:06:55 - ALERT: ❌ Auth API接続が失敗しています（3回試行後）
2025-08-25 00:10:26 - ALERT: ❌ Supabaseが完全に停止しています
2025-08-25 00:10:26 - ALERT: ❌ データベース接続が失敗しています
2025-08-25 00:10:26 - ALERT: ❌ REST API接続が失敗しています
2025-08-25 00:11:34 - ALERT: ❌ Auth API接続が失敗しています（3回試行後）
2025-08-25 00:12:41 - ALERT: ❌ Auth API接続が失敗しています（3回試行後）
2025-08-25 00:12:42 - ALERT: 🚨 失敗回数が上限に達しました。完全な再起動を実行します
2025-08-25 01:20:51 - ALERT: ❌ Supabaseが完全に停止しています
2025-08-25 01:20:52 - ALERT: ❌ データベース接続が失敗しています
2025-08-25 01:20:52 - ALERT: ❌ REST API接続が失敗しています
2025-08-25 08:42:48 - ALERT: ❌ Supabaseが完全に停止しています
2025-08-25 08:42:48 - ALERT: ❌ データベース接続が失敗しています
2025-08-25 10:32:03 - ALERT: ❌ Supabaseが完全に停止しています
2025-08-25 10:32:03 - ALERT: ❌ データベース接続が失敗しています
2025-08-25 10:32:04 - ALERT: ❌ REST API接続が失敗しています
2025-08-25 10:32:08 - ALERT: ❌ Auth API接続が失敗しています（3回試行後）
2025-08-25 10:33:24 - ALERT: ❌ Supabaseが完全に停止しています
2025-08-25 10:33:25 - ALERT: ❌ データベース接続が失敗しています
2025-08-25 10:33:25 - ALERT: ❌ REST API接続が失敗しています
2025-08-25 10:33:29 - ALERT: ❌ Auth API接続が失敗しています（3回試行後）
2025-08-25 10:33:29 - ALERT: 🚨 失敗回数が上限に達しました。完全な再起動を実行します
2025-08-25 10:34:01 - ALERT: ❌ Supabaseが完全に停止しています
2025-08-25 10:34:01 - ALERT: ❌ データベース接続が失敗しています
2025-08-25 10:34:01 - ALERT: ❌ REST API接続が失敗しています
2025-08-25 10:34:05 - ALERT: ❌ Auth API接続が失敗しています（3回試行後）
2025-08-25 10:34:05 - ALERT: ❌ 自動修復が失敗しました。手動での確認が必要です
2025-08-25 10:35:07 - ALERT: ❌ Supabaseが完全に停止しています
2025-08-25 10:35:07 - ALERT: ❌ データベース接続が失敗しています
2025-08-25 10:35:07 - ALERT: ❌ REST API接続が失敗しています
2025-08-25 10:35:11 - ALERT: ❌ Auth API接続が失敗しています（3回試行後）
2025-08-25 10:35:11 - ALERT: 🚨 失敗回数が上限に達しました。完全な再起動を実行します
2025-08-25 10:35:43 - ALERT: ❌ Supabaseが完全に停止しています
2025-08-25 10:35:44 - ALERT: ❌ データベース接続が失敗しています
2025-08-25 10:35:44 - ALERT: ❌ REST API接続が失敗しています
2025-08-25 10:35:48 - ALERT: ❌ Auth API接続が失敗しています（3回試行後）
2025-08-25 10:35:48 - ALERT: ❌ 自動修復が失敗しました。手動での確認が必要です
2025-08-25 10:52:11 - ALERT: ❌ Supabaseが完全に停止しています
2025-08-25 10:52:12 - ALERT: ❌ データベース接続が失敗しています
2025-08-25 10:52:12 - ALERT: ❌ REST API接続が失敗しています
2025-08-25 10:52:16 - ALERT: ❌ Auth API接続が失敗しています（3回試行後）
2025-08-25 10:52:16 - ALERT: 🚨 失敗回数が上限に達しました。完全な再起動を実行します
2025-08-25 10:59:27 - ALERT: ❌ Supabaseが完全に停止しています
2025-08-25 10:59:27 - ALERT: ❌ データベース接続が失敗しています
2025-08-25 10:59:27 - ALERT: ❌ REST API接続が失敗しています
2025-08-25 10:59:31 - ALERT: ❌ Auth API接続が失敗しています（3回試行後）
2025-08-25 10:59:31 - ALERT: ❌ 自動修復が失敗しました。手動での確認が必要です
2025-08-25 11:00:32 - ALERT: ❌ Supabaseが完全に停止しています
2025-08-25 11:00:32 - ALERT: ❌ データベース接続が失敗しています
2025-08-25 11:00:32 - ALERT: ❌ REST API接続が失敗しています
2025-08-25 11:00:36 - ALERT: ❌ Auth API接続が失敗しています（3回試行後）
2025-08-25 11:00:36 - ALERT: 🚨 失敗回数が上限に達しました。完全な再起動を実行します
2025-08-25 11:01:08 - ALERT: ❌ Supabaseが完全に停止しています
2025-08-25 11:01:08 - ALERT: ❌ データベース接続が失敗しています
2025-08-25 11:01:08 - ALERT: ❌ REST API接続が失敗しています
2025-08-25 11:01:12 - ALERT: ❌ Auth API接続が失敗しています（3回試行後）
2025-08-25 11:01:13 - ALERT: ❌ 自動修復が失敗しました。手動での確認が必要です
2025-08-25 11:18:36 - ALERT: ❌ Supabaseが完全に停止しています
2025-08-25 11:18:36 - ALERT: ❌ データベース接続が失敗しています
2025-08-25 11:18:36 - ALERT: ❌ REST API接続が失敗しています
2025-08-25 11:32:22 - ALERT: ❌ Auth API接続が失敗しています（3回試行後）
2025-08-25 11:32:22 - ALERT: 🚨 失敗回数が上限に達しました。完全な再起動を実行します
2025-08-25 11:32:54 - ALERT: ❌ Supabaseが完全に停止しています
2025-08-25 11:32:55 - ALERT: ❌ データベース接続が失敗しています
2025-08-25 11:32:55 - ALERT: ❌ REST API接続が失敗しています
2025-08-25 11:32:59 - ALERT: ❌ Auth API接続が失敗しています（3回試行後）
2025-08-25 11:32:59 - ALERT: ❌ 自動修復が失敗しました。手動での確認が必要です
2025-08-25 11:33:59 - ALERT: ❌ Supabaseが完全に停止しています
2025-08-25 11:34:00 - ALERT: ❌ データベース接続が失敗しています
2025-08-25 11:34:00 - ALERT: ❌ REST API接続が失敗しています
2025-08-25 11:34:04 - ALERT: ❌ Auth API接続が失敗しています（3回試行後）
2025-08-25 11:34:04 - ALERT: 🚨 失敗回数が上限に達しました。完全な再起動を実行します
2025-08-25 11:34:36 - ALERT: ❌ Supabaseが完全に停止しています
2025-08-25 11:34:36 - ALERT: ❌ データベース接続が失敗しています
2025-08-25 11:34:36 - ALERT: ❌ REST API接続が失敗しています
2025-08-25 11:34:40 - ALERT: ❌ Auth API接続が失敗しています（3回試行後）
2025-08-25 11:34:40 - ALERT: ❌ 自動修復が失敗しました。手動での確認が必要です
2025-08-25 11:35:42 - ALERT: ❌ Supabaseが完全に停止しています
2025-08-25 11:35:42 - ALERT: ❌ データベース接続が失敗しています
2025-08-25 11:35:42 - ALERT: ❌ REST API接続が失敗しています
2025-08-25 11:35:46 - ALERT: ❌ Auth API接続が失敗しています（3回試行後）
2025-08-25 11:35:46 - ALERT: 🚨 失敗回数が上限に達しました。完全な再起動を実行します
2025-08-25 11:36:18 - ALERT: ❌ Supabaseが完全に停止しています
2025-08-25 11:36:19 - ALERT: ❌ データベース接続が失敗しています
2025-08-25 11:36:19 - ALERT: ❌ REST API接続が失敗しています
2025-08-25 11:36:23 - ALERT: ❌ Auth API接続が失敗しています（3回試行後）
2025-08-25 11:36:23 - ALERT: ❌ 自動修復が失敗しました。手動での確認が必要です
2025-08-25 11:37:24 - ALERT: ❌ Supabaseが完全に停止しています
2025-08-25 11:37:24 - ALERT: ❌ データベース接続が失敗しています
2025-08-25 11:37:24 - ALERT: ❌ REST API接続が失敗しています
2025-08-25 11:37:28 - ALERT: ❌ Auth API接続が失敗しています（3回試行後）
2025-08-25 11:37:28 - ALERT: 🚨 失敗回数が上限に達しました。完全な再起動を実行します
2025-08-25 11:38:00 - ALERT: ❌ Supabaseが完全に停止しています
2025-08-25 11:38:00 - ALERT: ❌ データベース接続が失敗しています
2025-08-25 11:38:00 - ALERT: ❌ REST API接続が失敗しています
2025-08-25 11:38:04 - ALERT: ❌ Auth API接続が失敗しています（3回試行後）
2025-08-25 11:38:04 - ALERT: ❌ 自動修復が失敗しました。手動での確認が必要です
2025-08-25 11:39:05 - ALERT: ❌ Supabaseが完全に停止しています
2025-08-25 11:39:05 - ALERT: ❌ データベース接続が失敗しています
2025-08-25 11:39:05 - ALERT: ❌ REST API接続が失敗しています
2025-08-25 11:39:09 - ALERT: ❌ Auth API接続が失敗しています（3回試行後）
2025-08-25 11:39:10 - ALERT: 🚨 失敗回数が上限に達しました。完全な再起動を実行します
2025-08-25 11:39:42 - ALERT: ❌ Supabaseが完全に停止しています
2025-08-25 11:39:42 - ALERT: ❌ データベース接続が失敗しています
2025-08-25 11:39:42 - ALERT: ❌ REST API接続が失敗しています
2025-08-25 11:39:46 - ALERT: ❌ Auth API接続が失敗しています（3回試行後）
2025-08-25 11:39:46 - ALERT: ❌ 自動修復が失敗しました。手動での確認が必要です
2025-08-25 11:40:47 - ALERT: ❌ Supabaseが完全に停止しています
2025-08-25 11:40:47 - ALERT: ❌ データベース接続が失敗しています
2025-08-25 11:40:47 - ALERT: ❌ REST API接続が失敗しています
2025-08-25 11:40:51 - ALERT: ❌ Auth API接続が失敗しています（3回試行後）
2025-08-25 11:40:51 - ALERT: 🚨 失敗回数が上限に達しました。完全な再起動を実行します
2025-08-25 11:41:23 - ALERT: ❌ Supabaseが完全に停止しています
2025-08-25 11:41:23 - ALERT: ❌ データベース接続が失敗しています
2025-08-25 11:41:23 - ALERT: ❌ REST API接続が失敗しています
2025-08-25 11:41:27 - ALERT: ❌ Auth API接続が失敗しています（3回試行後）
2025-08-25 11:41:28 - ALERT: ❌ 自動修復が失敗しました。手動での確認が必要です
2025-08-25 11:42:28 - ALERT: ❌ Supabaseが完全に停止しています
2025-08-25 11:42:28 - ALERT: ❌ データベース接続が失敗しています
2025-08-25 11:42:28 - ALERT: ❌ REST API接続が失敗しています
2025-08-25 11:42:32 - ALERT: ❌ Auth API接続が失敗しています（3回試行後）
2025-08-25 11:42:32 - ALERT: 🚨 失敗回数が上限に達しました。完全な再起動を実行します
2025-08-25 11:43:05 - ALERT: ❌ Supabaseが完全に停止しています
2025-08-25 11:43:05 - ALERT: ❌ データベース接続が失敗しています
2025-08-25 11:43:05 - ALERT: ❌ REST API接続が失敗しています
2025-08-25 11:43:09 - ALERT: ❌ Auth API接続が失敗しています（3回試行後）
2025-08-25 11:43:09 - ALERT: ❌ 自動修復が失敗しました。手動での確認が必要です
2025-08-25 11:44:10 - ALERT: ❌ Supabaseが完全に停止しています
2025-08-25 11:44:10 - ALERT: ❌ データベース接続が失敗しています
2025-08-25 11:44:10 - ALERT: ❌ REST API接続が失敗しています
2025-08-25 11:44:14 - ALERT: ❌ Auth API接続が失敗しています（3回試行後）
2025-08-25 11:44:14 - ALERT: 🚨 失敗回数が上限に達しました。完全な再起動を実行します
2025-08-25 11:44:46 - ALERT: ❌ Supabaseが完全に停止しています
2025-08-25 11:44:46 - ALERT: ❌ データベース接続が失敗しています
2025-08-25 11:44:46 - ALERT: ❌ REST API接続が失敗しています
2025-08-25 11:44:50 - ALERT: ❌ Auth API接続が失敗しています（3回試行後）
2025-08-25 11:44:50 - ALERT: ❌ 自動修復が失敗しました。手動での確認が必要です
2025-08-25 11:45:51 - ALERT: ❌ Supabaseが完全に停止しています
2025-08-25 11:45:51 - ALERT: ❌ データベース接続が失敗しています
2025-08-25 11:45:51 - ALERT: ❌ REST API接続が失敗しています
2025-08-25 11:45:55 - ALERT: ❌ Auth API接続が失敗しています（3回試行後）
2025-08-25 11:45:56 - ALERT: 🚨 失敗回数が上限に達しました。完全な再起動を実行します
